Arguments: 
  C:\Program Files\nodejs\node.exe C:\Users\Ayaan\AppData\Roaming\npm\node_modules\yarn\bin\yarn.js

PATH: 
  C:\WINDOWS\system32;C:\WINDOWS;C:\WINDOWS\System32\Wbem;C:\WINDOWS\System32\WindowsPowerShell\v1.0\;C:\WINDOWS\System32\OpenSSH\;C:\ProgramData\chocolatey\bin;C:\ProgramData\chocolatey\lib\Elixir/bin;C:\Program Files\Git\cmd;C:\Program Files\OpenJDK\openjdk-8u282-b08\bin;C:\Users\Ayaan\AppData\Roaming\nvm;C:\Program Files\nodejs;C:\Users\Ayaan\AppData\Local\Microsoft\WindowsApps;C:\Users\Ayaan\AppData\Local\Programs\Microsoft VS Code\bin;C:\Users\Ayaan\AppData\Roaming\npm;C:\tools\Cmder;C:\Users\Ayaan\AppData\Local\atom\bin;C:\Program Files\JetBrains\WebStorm 2020.3.3\bin;C:\Users\Ayaan\AppData\Local\Android\Sdk\platform-tools;C:\Users\Ayaan\AppData\Local\Yarn\bin;C:\Users\Ayaan\AppData\Local\GitHubDesktop\bin;C:\Users\Ayaan\AppData\Roaming\nvm;C:\Program Files\nodejs

Yarn version: 
  1.22.10

Node version: 
  14.0.0

Platform: 
  win32 x64

Trace: 
  Error: https://registry.yarnpkg.com/@material-ui/icons/-/icons-4.11.2.tgz: ESOCKETTIMEDOUT
      at ClientRequest.<anonymous> (C:\Users\Ayaan\AppData\Roaming\npm\node_modules\yarn\lib\cli.js:141289:19)
      at Object.onceWrapper (events.js:421:28)
      at ClientRequest.emit (events.js:315:20)
      at TLSSocket.emitRequestTimeout (_http_client.js:759:9)
      at Object.onceWrapper (events.js:421:28)
      at TLSSocket.emit (events.js:327:22)
      at TLSSocket.Socket._onTimeout (net.js:480:8)
      at listOnTimeout (internal/timers.js:549:17)
      at processTimers (internal/timers.js:492:7)

npm manifest: 
  {
    "name": "prakarsh-2021",
    "version": "1.0.0",
    "main": "./pages/index.js",
    "public": false,
    "scripts": {
      "dev": "next dev",
      "dev-lan": "next dev -H 0.0.0.0 -p 5000",
      "build": "next build",
      "start": "next start"
    },
    "license": "MIT",
    "dependencies": {
      "@material-ui/core": "^4.11.3",
      "@material-ui/icons": "^4.11.2",
      "axios": "^0.21.1",
      "fontsource-poppins": "^4.0.0",
      "formik": "^2.2.6",
      "next": "^10.0.9",
      "react": "^17.0.1",
      "react-dom": "^17.0.1",
      "sass": "^1.32.8"
    }
  }

yarn manifest: 
  No manifest

Lockfile: 
  No lockfile
